<?xml version="1.0" encoding="utf-8"?><testsuites name="pytest tests"><testsuite name="pytest" errors="0" failures="0" skipped="0" tests="71" time="117.039" timestamp="2026-09-05T23:08:40.942430-04:00" hostname="PNMDevDesign"><testcase classname="tests.unit.test_portable_v2_acceptance" name="test_frozen_fixture_is_genuine_v6_with_existing_evidence" time="0.004" /><testcase classname="tests.unit.test_portable_v2_acceptance" name="test_v6_migration_preserves_every_existing_column_vector_and_receipt" time="0.050" /><testcase classname="tests.unit.test_portable_v2_acceptance" name="test_identity_survives_local_mutation_restart_and_clone_without_new_collisions" time="0.071" /><testcase classname="tests.unit.test_portable_v2_acceptance" name="test_three_store_roundtrip_preserves_original_envelopes_and_numeric_source_references" time="0.118" /><testcase classname="tests.unit.test_portable_v2_acceptance" name="test_reference_map_names_typed_paths_without_rewriting_specialized_metadata" time="0.068" /><testcase classname="tests.unit.test_portable_v2_acceptance" name="test_new_local_reference_to_imported_evidence_keeps_referring_origin_namespace" time="0.126" /><testcase classname="tests.unit.test_portable_v2_acceptance" name="test_competing_successors_remain_two_branches_after_import" time="0.121" /><testcase classname="tests.unit.test_portable_v2_acceptance" name="test_hash_binds_identity_provenance_and_reference_mapping" time="0.138" /><testcase classname="tests.unit.test_portable_v2_acceptance" name="test_existing_identity_conflict_rolls_back_new_records" time="0.227" /><testcase classname="tests.unit.test_portable_v2_acceptance" name="test_conflicting_duplicate_identity_inside_bundle_is_rejected" time="0.143" /><testcase classname="tests.unit.test_portable_v2_acceptance" name="test_dangling_required_relation_rejects_entire_import" time="0.132" /><testcase classname="tests.unit.test_portable_v2_acceptance" name="test_numeric_reference_cannot_be_rebound_by_a_validly_rehashed_map" time="0.119" /><testcase classname="tests.unit.test_portable_v2_acceptance" name="test_unmapped_numeric_uri_is_not_silently_bound_to_destination" time="0.087" /><testcase classname="tests.unit.test_portable_v2_acceptance" name="test_import_failures_roll_back_graph_vectors_maps_and_committed_receipt_then_retry" time="0.121" /><testcase classname="tests.unit.test_portable_v2_acceptance" name="test_separate_process_concurrent_imports_preserve_one_graph_and_receipt" time="0.835" /><testcase classname="tests.unit.test_portable_v2_acceptance" name="test_overlapping_reordered_bundles_deduplicate_by_identity_not_file_hash" time="0.395" /><testcase classname="tests.unit.test_portable_v2_acceptance" name="test_hmac_verification_never_promotes_imported_trust" time="0.319" /><testcase classname="tests.unit.test_portable_v2_acceptance" name="test_imported_discovery_hotfix_and_approval_metadata_cannot_activate_local_lifecycle" time="0.477" /><testcase classname="tests.unit.test_portable_v2_acceptance" name="test_whole_export_includes_more_than_old_one_hundred_thousand_cap" time="108.006" /><testcase classname="tests.unit.test_portable_v2_acceptance" name="test_selected_closure_cannot_silently_expand_explicit_wing_or_room_scope" time="2.378" /><testcase classname="tests.unit.test_portable_v2_acceptance" name="test_failed_export_preserves_existing_destination_without_partial_temp_files" time="0.327" /><testcase classname="tests.unit.test_portable_v2_acceptance" name="test_v2_preserves_external_urls_without_network_while_v1_still_rejects" time="0.119" /><testcase classname="tests.unit.test_portable_v2_acceptance" name="test_malformed_input_has_typed_errors_and_no_committed_partial_state" time="0.168" /><testcase classname="tests.unit.test_portable_v2_acceptance" name="test_identity_source_relation_reads_and_export_preserve_all_persisted_state" time="0.080" /><testcase classname="tests.unit.test_portable_v2_acceptance" name="test_idempotency_key_cannot_be_reused_for_different_bundle" time="0.129" /><testcase classname="tests.unit.test_portable_boundaries" name="test_nested_supersedes_metadata_cannot_create_a_top_level_supersession" time="0.109" /><testcase classname="tests.unit.test_portable" name="test_encode_decode_round_trip_preserves_drawer" time="0.001" /><testcase classname="tests.unit.test_portable" name="test_content_hash_is_deterministic_across_encodes" time="0.001" /><testcase classname="tests.unit.test_portable" name="test_content_hash_changes_when_content_changes" time="0.001" /><testcase classname="tests.unit.test_portable" name="test_tampered_envelope_fails_hash_verification" time="0.001" /><testcase classname="tests.unit.test_portable" name="test_signed_envelope_verifies_with_matching_key" time="0.001" /><testcase classname="tests.unit.test_portable" name="test_signed_envelope_rejects_wrong_key" time="0.002" /><testcase classname="tests.unit.test_portable" name="test_verification_requested_on_unsigned_envelope_fails" time="0.002" /><testcase classname="tests.unit.test_portable" name="test_unsupported_format_version_is_rejected" time="0.001" /><testcase classname="tests.unit.test_portable" name="test_boolean_format_version_is_not_version_one" time="0.002" /><testcase classname="tests.unit.test_portable" name="test_non_ascii_signature_is_a_typed_error" time="0.002" /><testcase classname="tests.unit.test_portable" name="test_nested_hotfix_evidence_cannot_bind_to_destination_ids" time="0.002" /><testcase classname="tests.unit.test_portable" name="test_escaped_surrogate_is_a_typed_portable_error" time="0.002" /><testcase classname="tests.unit.test_portable" name="test_missing_drawer_payload_is_rejected" time="0.001" /><testcase classname="tests.unit.test_portable" name="test_external_urls_are_rejected_at_export[see http://example.com for details]" time="0.001" /><testcase classname="tests.unit.test_portable" name="test_external_urls_are_rejected_at_export[HTTPS://foo.bar/baz]" time="0.001" /><testcase classname="tests.unit.test_portable" name="test_external_urls_are_rejected_at_export[ftp://old-server/file.zip]" time="0.001" /><testcase classname="tests.unit.test_portable" name="test_external_urls_are_rejected_at_export[file:///etc/passwd]" time="0.001" /><testcase classname="tests.unit.test_portable" name="test_external_urls_are_rejected_at_export[ssh://user@host]" time="0.001" /><testcase classname="tests.unit.test_portable" name="test_cairntir_scheme_is_allowed" time="0.001" /><testcase classname="tests.unit.test_portable" name="test_external_url_in_metadata_is_rejected" time="0.001" /><testcase classname="tests.unit.test_portable" name="test_encode_fails_closed_on_external_url" time="0.001" /><testcase classname="tests.unit.test_portable" name="test_write_and_read_jsonl_round_trips" time="0.013" /><testcase classname="tests.unit.test_portable" name="test_export_import_across_stores_preserves_drawers" time="0.090" /><testcase classname="tests.unit.test_portable" name="test_read_jsonl_rejects_non_object_line" time="0.004" /><testcase classname="tests.unit.test_portable" name="test_read_jsonl_rejects_invalid_json" time="0.004" /><testcase classname="tests.unit.test_shipping_hardening" name="test_unsigned_import_is_untrusted_and_retries_preserve_one_drawer" time="0.052" /><testcase classname="tests.unit.test_shipping_hardening" name="test_import_never_binds_foreign_local_ids_to_destination_history" time="0.043" /><testcase classname="tests.unit.test_shipping_hardening" name="test_failed_import_batch_rolls_back_preceding_drawers" time="0.039" /><testcase classname="tests.unit.test_shipping_hardening" name="test_import_rejects_unresolvable_foreign_metadata_references[foreign_reference0]" time="0.033" /><testcase classname="tests.unit.test_shipping_hardening" name="test_import_rejects_unresolvable_foreign_metadata_references[foreign_reference1]" time="0.031" /><testcase classname="tests.unit.test_shipping_hardening" name="test_import_rejects_unresolvable_foreign_metadata_references[foreign_reference2]" time="0.035" /><testcase classname="tests.unit.test_shipping_hardening" name="test_import_rejects_unresolvable_foreign_metadata_references[foreign_reference3]" time="0.036" /><testcase classname="tests.unit.test_shipping_hardening" name="test_import_rejects_foreign_local_drawer_uri" time="0.033" /><testcase classname="tests.unit.test_shipping_hardening" name="test_jsonl_failed_stream_preserves_existing_backup" time="0.011" /><testcase classname="tests.unit.test_shipping_hardening" name="test_portable_invalid_utf8_is_a_typed_format_error" time="0.007" /><testcase classname="tests.unit.test_shipping_hardening" name="test_hash_valid_import_cannot_bypass_the_external_url_boundary[content]" time="0.001" /><testcase classname="tests.unit.test_shipping_hardening" name="test_hash_valid_import_cannot_bypass_the_external_url_boundary[metadata]" time="0.001" /><testcase classname="tests.unit.test_shipping_hardening" name="test_bad_spool_input_is_quarantined_and_does_not_block_next_request[invalid-utf8]" time="0.164" /><testcase classname="tests.unit.test_shipping_hardening" name="test_bad_spool_input_is_quarantined_and_does_not_block_next_request[null-content]" time="0.047" /><testcase classname="tests.unit.test_shipping_hardening" name="test_bad_spool_input_is_quarantined_and_does_not_block_next_request[array-content]" time="0.046" /><testcase classname="tests.unit.test_shipping_hardening" name="test_bad_spool_input_is_quarantined_and_does_not_block_next_request[numeric-wing]" time="0.042" /><testcase classname="tests.unit.test_shipping_hardening" name="test_bad_spool_input_is_quarantined_and_does_not_block_next_request[numeric-room]" time="0.044" /><testcase classname="tests.unit.test_shipping_hardening" name="test_obsidian_projection_does_not_write_through_output_directory_links[cairntir-sync]" time="0.037" /><testcase classname="tests.unit.test_shipping_hardening" name="test_obsidian_projection_does_not_write_through_output_directory_links[cairntir-sync/codeglass]" time="0.032" /><testcase classname="tests.unit.test_shipping_hardening" name="test_obsidian_rejects_ambiguous_markers_without_erasing_user_text" time="0.033" /></testsuite></testsuites>