<?xml version="1.0" encoding="utf-8"?><testsuites name="pytest tests"><testsuite name="pytest" errors="0" failures="4" skipped="0" tests="193" time="24.099" timestamp="2026-09-05T23:11:00.318873-04:00" hostname="PNMDevDesign"><testcase classname="tests.unit.test_sharing_acceptance" name="test_owner_compatibility_and_random_hash_only_tokens" time="0.051" /><testcase classname="tests.unit.test_sharing_acceptance" name="test_scope_intersection_union_and_input_immutability" time="0.032" /><testcase classname="tests.unit.test_sharing_acceptance" name="test_empty_scopes_and_empty_filters_never_mean_owner" time="0.031" /><testcase classname="tests.unit.test_sharing_acceptance" name="test_unknown_empty_expired_and_revoked_tokens_fail_closed" time="0.035" /><testcase classname="tests.unit.test_sharing_acceptance" name="test_hidden_ids_and_missing_ids_are_indistinguishable_and_pure" time="0.045" /><testcase classname="tests.unit.test_sharing_acceptance" name="test_read_scope_filters_before_limits_and_never_touches" time="0.072" /><testcase classname="tests.unit.test_sharing_acceptance" name="test_capabilities_are_independent_including_manage" time="0.047" /><testcase classname="tests.unit.test_sharing_acceptance" name="test_read_only_grant_denies_all_mutation_routes_without_writes" time="0.088" /><testcase classname="tests.unit.test_sharing_acceptance" name="test_id_only_write_scope_cannot_create_or_append" time="0.044" /><testcase classname="tests.unit.test_sharing_acceptance" name="test_cross_scope_references_are_denied_before_workflow_or_access_writes" time="0.068" /><testcase classname="tests.unit.test_sharing_acceptance" name="test_ordinary_content_metadata_principal_and_model_cannot_authorize" time="0.046" /><testcase classname="tests.unit.test_sharing_acceptance" name="test_required_hidden_reference_omits_whole_record_without_rewriting" time="0.049" /><testcase classname="tests.unit.test_sharing_acceptance" name="test_temporal_direct_sql_and_context_relatives_cannot_cross_scope" time="0.064" /><testcase classname="tests.unit.test_sharing_acceptance" name="test_aggregate_existence_and_stale_queries_use_only_visible_records" time="0.053" /><testcase classname="tests.unit.test_sharing_acceptance" name="test_context_and_global_identity_do_not_leak_scope_or_scan_counts" time="0.054" /><testcase classname="tests.unit.test_sharing_acceptance" name="test_learning_anchor_and_codeglass_read_surfaces_are_scoped" time="0.059" /><testcase classname="tests.unit.test_sharing_acceptance" name="test_workflow_keys_and_results_are_isolated_between_grants" time="0.047" /><testcase classname="tests.unit.test_sharing_acceptance" name="test_grant_management_is_owner_only_even_with_manage_capability" time="0.028" /><testcase classname="tests.unit.test_sharing_acceptance" name="test_hotfix_read_write_and_approval_paths_preserve_scope" time="0.081" /><testcase classname="tests.unit.test_sharing_acceptance" name="test_live_revocation_and_expiry_deny_future_access" time="0.460" /><testcase classname="tests.unit.test_sharing_acceptance" name="test_expiry_at_transaction_commit_rolls_back_every_write" time="0.537" /><testcase classname="tests.unit.test_sharing_acceptance" name="test_readonly_snapshot_rechecks_authoritative_live_revocation" time="2.366" /><testcase classname="tests.unit.test_sharing_acceptance" name="test_export_permission_is_independent_and_cannot_escape_reference_closure" time="0.060" /><testcase classname="tests.unit.test_sharing_acceptance" name="test_portable_imported_approval_metadata_never_confers_capabilities" time="0.059" /><testcase classname="tests.unit.test_sharing_acceptance" name="test_actual_cli_binds_grant_for_get_and_task_and_preserves_owner" time="2.472"><failure message="AssertionError: ┌───────────────────── Traceback (most recent call last) ─────────────────────┐&#10;  │ C:\Dev\Cairntir\src\cairntir\access.py:62 in _authoritative_grant           │&#10;  │                                                                             │&#10;  │    59 │   try:                                                              │&#10;  │    60 │   │   with TemporaryDirectory(prefix=&quot;cairntir-grant-&quot;) as director │&#10;  │    61 │   │   │   copied = Path(directory) / &quot;grant.db&quot;                     │&#10;  │ &gt;  62 │   │   │   subprocess.run(  # noqa: S603 - fixed interpreter/code an │&#10;  │    63 │   │   │   │   [                                                     │&#10;  │    64 │   │   │   │   │   sys.executable,                                   │&#10;  │    65 │   │   │   │   │   &quot;-c&quot;,                                             │&#10;  │                                                                             │&#10;  │ C:\Users\pnmcg\AppData\Local\Programs\Python\Python311\Lib\subprocess.py:57 │&#10;  │ 1 in run                                                                    │&#10;  │                                                                             │&#10;  │    568 │   │   │   raise                                                    │&#10;  │    569 │   │   retcode = process.poll()                                     │&#10;  │    570 │   │   if check and retcode:                                        │&#10;  │ &gt;  571 │   │   │   raise CalledProcessError(retcode, process.args,          │&#10;  │    572 │   │   │   │   │   │   │   │   │    output=stdout, stderr=stderr)   │&#10;  │    573 │   return CompletedProcess(process.args, retcode, stdout, stderr)   │&#10;  │    574                                                                      │&#10;  └─────────────────────────────────────────────────────────────────────────────┘&#10;  CalledProcessError: Command '['C:\\Dev\\Cairntir\\.venv\\Scripts\\python.exe', &#10;  '-c', 'from pathlib import Path; import sys; from cairntir.memory.store import &#10;  _copy_locked_database; _copy_locked_database(Path(sys.argv[1]), &#10;  Path(sys.argv[2]))', &#10;  'C:\\Users\\pnmcg\\AppData\\Local\\Temp\\pytest-of-pnmcg\\pytest-196\\test_actu&#10;  al_cli_binds_grant_fo0\\.cairntir\\cairntir.db', &#10;  'C:\\Users\\pnmcg\\AppData\\Local\\Temp\\cairntir-grant-jsrob8hq\\grant.db']' &#10;  returned non-zero exit status 1.&#10;  &#10;  The above exception was the direct cause of the following exception:&#10;  &#10;  ┌───────────────────── Traceback (most recent call last) ─────────────────────┐&#10;  │ C:\Dev\Cairntir\src\cairntir\cli.py:158 in _root                            │&#10;  │                                                                             │&#10;  │    155 │   global _startup_grant                                            │&#10;  │    156 │   _startup_grant = startup_token()                                 │&#10;  │    157 │   if _startup_grant is not None:                                   │&#10;  │ &gt;  158 │   │   validate_startup(db_path(create=False), _startup_grant)      │&#10;  │    159 │   │   if ctx.invoked_subcommand not in {                           │&#10;  │    160 │   │   │   &quot;get&quot;,                                                   │&#10;  │    161 │   │   │   &quot;recall&quot;,                                                │&#10;  │                                                                             │&#10;  │ C:\Dev\Cairntir\src\cairntir\access.py:55 in validate_startup               │&#10;  │                                                                             │&#10;  │    52                                                                       │&#10;  │    53 def validate_startup(path: Path, token: str) -&gt; None:                 │&#10;  │    54 │   &quot;&quot;&quot;Reject an invalid configured grant before store initialization │&#10;  │ &gt;  55 │   _active(_authoritative_grant(path, _digest(token)))               │&#10;  │    56                                                                       │&#10;  │    57                                                                       │&#10;  │    58 def _authoritative_grant(path: Path, token_hash: str) -&gt; sqlite3.Row  │&#10;  │                                                                             │&#10;  │ C:\Dev\Cairntir\src\cairntir\access.py:84 in _authoritative_grant           │&#10;  │                                                                             │&#10;  │    81 │   │   │   │   ).fetchone()                                          │&#10;  │    82 │   │   │   │   return row                                            │&#10;  │    83 │   except (OSError, sqlite3.Error, subprocess.SubprocessError) as ex │&#10;  │ &gt;  84 │   │   raise AccessDenied(_DENIED) from exc                          │&#10;  │    85                                                                       │&#10;  │    86                                                                       │&#10;  │    87 def _active(row: sqlite3.Row | None) -&gt; sqlite3.Row:                  │&#10;  └─────────────────────────────────────────────────────────────────────────────┘&#10;  AccessDenied: access denied&#10;  &#10;assert (1 == 0)&#10; +  where 1 = CompletedProcess(args=['C:\\Dev\\Cairntir\\.venv\\Scripts\\python.exe', 'C:\\Dev\\Cairntir\\tests\\unit\\test_sharing_...    │\n└─────────────────────────────────────────────────────────────────────────────┘\nAccessDenied: access denied\n').returncode">tests\unit\test_sharing_acceptance.py:744: in test_actual_cli_binds_grant_for_get_and_task_and_preserves_owner
    assert got.returncode == 0 and TASK in got.stdout, got.stderr
E   AssertionError: ┌───────────────────── Traceback (most recent call last) ─────────────────────┐
E     │ C:\Dev\Cairntir\src\cairntir\access.py:62 in _authoritative_grant           │
E     │                                                                             │
E     │    59 │   try:                                                              │
E     │    60 │   │   with TemporaryDirectory(prefix="cairntir-grant-") as director │
E     │    61 │   │   │   copied = Path(directory) / "grant.db"                     │
E     │ &gt;  62 │   │   │   subprocess.run(  # noqa: S603 - fixed interpreter/code an │
E     │    63 │   │   │   │   [                                                     │
E     │    64 │   │   │   │   │   sys.executable,                                   │
E     │    65 │   │   │   │   │   "-c",                                             │
E     │                                                                             │
E     │ C:\Users\pnmcg\AppData\Local\Programs\Python\Python311\Lib\subprocess.py:57 │
E     │ 1 in run                                                                    │
E     │                                                                             │
E     │    568 │   │   │   raise                                                    │
E     │    569 │   │   retcode = process.poll()                                     │
E     │    570 │   │   if check and retcode:                                        │
E     │ &gt;  571 │   │   │   raise CalledProcessError(retcode, process.args,          │
E     │    572 │   │   │   │   │   │   │   │   │    output=stdout, stderr=stderr)   │
E     │    573 │   return CompletedProcess(process.args, retcode, stdout, stderr)   │
E     │    574                                                                      │
E     └─────────────────────────────────────────────────────────────────────────────┘
E     CalledProcessError: Command '['C:\\Dev\\Cairntir\\.venv\\Scripts\\python.exe', 
E     '-c', 'from pathlib import Path; import sys; from cairntir.memory.store import 
E     _copy_locked_database; _copy_locked_database(Path(sys.argv[1]), 
E     Path(sys.argv[2]))', 
E     'C:\\Users\\pnmcg\\AppData\\Local\\Temp\\pytest-of-pnmcg\\pytest-196\\test_actu
E     al_cli_binds_grant_fo0\\.cairntir\\cairntir.db', 
E     'C:\\Users\\pnmcg\\AppData\\Local\\Temp\\cairntir-grant-jsrob8hq\\grant.db']' 
E     returned non-zero exit status 1.
E     
E     The above exception was the direct cause of the following exception:
E     
E     ┌───────────────────── Traceback (most recent call last) ─────────────────────┐
E     │ C:\Dev\Cairntir\src\cairntir\cli.py:158 in _root                            │
E     │                                                                             │
E     │    155 │   global _startup_grant                                            │
E     │    156 │   _startup_grant = startup_token()                                 │
E     │    157 │   if _startup_grant is not None:                                   │
E     │ &gt;  158 │   │   validate_startup(db_path(create=False), _startup_grant)      │
E     │    159 │   │   if ctx.invoked_subcommand not in {                           │
E     │    160 │   │   │   "get",                                                   │
E     │    161 │   │   │   "recall",                                                │
E     │                                                                             │
E     │ C:\Dev\Cairntir\src\cairntir\access.py:55 in validate_startup               │
E     │                                                                             │
E     │    52                                                                       │
E     │    53 def validate_startup(path: Path, token: str) -&gt; None:                 │
E     │    54 │   """Reject an invalid configured grant before store initialization │
E     │ &gt;  55 │   _active(_authoritative_grant(path, _digest(token)))               │
E     │    56                                                                       │
E     │    57                                                                       │
E     │    58 def _authoritative_grant(path: Path, token_hash: str) -&gt; sqlite3.Row  │
E     │                                                                             │
E     │ C:\Dev\Cairntir\src\cairntir\access.py:84 in _authoritative_grant           │
E     │                                                                             │
E     │    81 │   │   │   │   ).fetchone()                                          │
E     │    82 │   │   │   │   return row                                            │
E     │    83 │   except (OSError, sqlite3.Error, subprocess.SubprocessError) as ex │
E     │ &gt;  84 │   │   raise AccessDenied(_DENIED) from exc                          │
E     │    85                                                                       │
E     │    86                                                                       │
E     │    87 def _active(row: sqlite3.Row | None) -&gt; sqlite3.Row:                  │
E     └─────────────────────────────────────────────────────────────────────────────┘
E     AccessDenied: access denied
E     
E   assert (1 == 0)
E    +  where 1 = CompletedProcess(args=['C:\\Dev\\Cairntir\\.venv\\Scripts\\python.exe', 'C:\\Dev\\Cairntir\\tests\\unit\\test_sharing_...    │\n└─────────────────────────────────────────────────────────────────────────────┘\nAccessDenied: access denied\n').returncode</failure></testcase><testcase classname="tests.unit.test_sharing_acceptance" name="test_actual_cli_invalid_configured_grant_fails_closed" time="2.271" /><testcase classname="tests.unit.test_sharing_acceptance" name="test_actual_cli_export_and_unsupported_administration_fail_closed" time="0.372"><failure message="MemoryError">tests\unit\test_sharing_acceptance.py:783: in test_actual_cli_export_and_unsupported_administration_fail_closed
    before = _state(_db())
             ^^^^^^^^^^^^^
tests\unit\test_sharing_acceptance.py:112: in _state
    tables.append((name, sorted(rows, key=repr)))
                         ^^^^^^^^^^^^^^^^^^^^^^
E   MemoryError</failure></testcase><testcase classname="tests.unit.test_sharing_acceptance" name="test_real_stdio_startup_scope_is_immutable_and_revocation_is_live" time="0.885"><failure message="test_sharing_acceptance._PeerClosedError: stdio exited with 1">tests\unit\test_sharing_acceptance.py:896: in test_real_stdio_startup_scope_is_immutable_and_revocation_is_live
    peer.initialize()
tests\unit\test_sharing_acceptance.py:855: in initialize
    response = self.request(
tests\unit\test_sharing_acceptance.py:848: in request
    raise _PeerClosedError(f"stdio exited with {self.process.returncode}")
E   test_sharing_acceptance._PeerClosedError: stdio exited with 1</failure></testcase><testcase classname="tests.unit.test_sharing_acceptance" name="test_real_stdio_invalid_grant_never_serves_owner_data" time="0.900"><failure message="AssertionError: assert 'AccessDenied' in 'OpenBLAS error: Memory allocation still failed after 10 retries, giving up.\n'&#10; +  where 'OpenBLAS error: Memory allocation still failed after 10 retries, giving up.\n' = &lt;built-in method read of _io.TextIOWrapper object at 0x000001927D176B50&gt;()&#10; +    where &lt;built-in method read of _io.TextIOWrapper object at 0x000001927D176B50&gt; = &lt;_io.TextIOWrapper name=13 encoding='utf-8'&gt;.read&#10; +      where &lt;_io.TextIOWrapper name=13 encoding='utf-8'&gt; = &lt;Popen: returncode: 1 args: ['C:\\Dev\\Cairntir\\.venv\\Scripts\\python.exe'...&gt;.stderr&#10; +        where &lt;Popen: returncode: 1 args: ['C:\\Dev\\Cairntir\\.venv\\Scripts\\python.exe'...&gt; = &lt;test_sharing_acceptance._McpPeer object at 0x000001927D478B90&gt;.process">tests\unit\test_sharing_acceptance.py:921: in test_real_stdio_invalid_grant_never_serves_owner_data
    response = peer.request(
tests\unit\test_sharing_acceptance.py:848: in request
    raise _PeerClosedError(f"stdio exited with {self.process.returncode}")
E   test_sharing_acceptance._PeerClosedError: stdio exited with 1

During handling of the above exception, another exception occurred:
tests\unit\test_sharing_acceptance.py:939: in test_real_stdio_invalid_grant_never_serves_owner_data
    assert "AccessDenied" in peer.process.stderr.read()
E   AssertionError: assert 'AccessDenied' in 'OpenBLAS error: Memory allocation still failed after 10 retries, giving up.\n'
E    +  where 'OpenBLAS error: Memory allocation still failed after 10 retries, giving up.\n' = &lt;built-in method read of _io.TextIOWrapper object at 0x000001927D176B50&gt;()
E    +    where &lt;built-in method read of _io.TextIOWrapper object at 0x000001927D176B50&gt; = &lt;_io.TextIOWrapper name=13 encoding='utf-8'&gt;.read
E    +      where &lt;_io.TextIOWrapper name=13 encoding='utf-8'&gt; = &lt;Popen: returncode: 1 args: ['C:\\Dev\\Cairntir\\.venv\\Scripts\\python.exe'...&gt;.stderr
E    +        where &lt;Popen: returncode: 1 args: ['C:\\Dev\\Cairntir\\.venv\\Scripts\\python.exe'...&gt; = &lt;test_sharing_acceptance._McpPeer object at 0x000001927D478B90&gt;.process</failure></testcase><testcase classname="tests.unit.test_sharing_supplement" name="test_write_only_anchor_operations_cannot_read_existing_paths[add_anchors]" time="0.105" /><testcase classname="tests.unit.test_sharing_supplement" name="test_write_only_anchor_operations_cannot_read_existing_paths[repair_anchors]" time="0.076" /><testcase classname="tests.unit.test_sharing_supplement" name="test_authentic_registry_payloads_cannot_disclose_hidden_typed_references[receipt-current]" time="0.160" /><testcase classname="tests.unit.test_sharing_supplement" name="test_authentic_registry_payloads_cannot_disclose_hidden_typed_references[procedure-evaluation]" time="0.151" /><testcase classname="tests.unit.test_hotfix" name="test_same_failure_produces_one_stable_fingerprint" time="0.043" /><testcase classname="tests.unit.test_hotfix" name="test_open_replays_without_duplicates_and_status_is_read_only" time="0.037" /><testcase classname="tests.unit.test_hotfix" name="test_recommendation_ranks_cited_reversible_low_risk_path" time="0.060" /><testcase classname="tests.unit.test_hotfix" name="test_authority_preflight_attempt_and_independent_verification_complete" time="0.096" /><testcase classname="tests.unit.test_hotfix" name="test_unchanged_failed_state_cannot_be_attempted_again" time="0.121" /><testcase classname="tests.unit.test_hotfix" name="test_failed_verification_blocks_same_state_when_attempt_reported_pass" time="0.090" /><testcase classname="tests.unit.test_hotfix" name="test_changed_failed_state_does_not_advertise_illegal_settlement" time="0.082" /><testcase classname="tests.unit.test_hotfix" name="test_new_preflight_cannot_bypass_pending_rollback_before_terminal_settlement" time="0.168" /><testcase classname="tests.unit.test_hotfix" name="test_preflight_binding_mismatch_writes_no_event" time="0.104" /><testcase classname="tests.unit.test_hotfix" name="test_verification_fails_closed_without_writing_event[same-verifier-verifier must differ]" time="0.204" /><testcase classname="tests.unit.test_hotfix" name="test_verification_fails_closed_without_writing_event[stale-state-does not match attempt output]" time="0.115" /><testcase classname="tests.unit.test_hotfix" name="test_verification_fails_closed_without_writing_event[missing-acceptance-frozen acceptance inventory exactly]" time="0.163" /><testcase classname="tests.unit.test_hotfix" name="test_independent_roles_reject_case_only_executor_aliases" time="0.209" /><testcase classname="tests.unit.test_hotfix" name="test_authority_rejects_case_only_allowed_prohibited_overlap" time="0.105" /><testcase classname="tests.unit.test_hotfix" name="test_attempt_budget_requires_rollback_before_exhausted_settlement" time="0.241" /><testcase classname="tests.unit.test_hotfix" name="test_blocked_settlement_is_terminal_and_preserves_smallest_unblock" time="0.099" /><testcase classname="tests.unit.test_hotfix" name="test_rollback_requires_independent_exact_pre_attempt_state" time="0.208" /><testcase classname="tests.unit.test_hotfix" name="test_authority_replay_returns_original_receipt_after_state_advanced" time="0.142" /><testcase classname="tests.unit.test_hotfix" name="test_cross_wing_evidence_is_rejected" time="0.080" /><testcase classname="tests.unit.test_hotfix" name="test_event_content_tampering_is_detected_on_status" time="0.168" /><testcase classname="tests.unit.test_hotfix" name="test_event_identity_metadata_tampering_cannot_hide_latest_event[hotfix_schema-cairntir.hotfix.corrupt]" time="0.140" /><testcase classname="tests.unit.test_hotfix" name="test_event_identity_metadata_tampering_cannot_hide_latest_event[case_id-hf-corrupt-tail]" time="0.110" /><testcase classname="tests.unit.test_hotfix" name="test_open_state_metadata_tampering_is_detected_on_status" time="0.088" /><testcase classname="tests.unit.test_hotfix" name="test_forked_supersession_chain_is_detected_on_status" time="0.305" /><testcase classname="tests.unit.test_hotfix" name="test_matching_completed_precedent_returns_its_resolution" time="0.178" /><testcase classname="tests.unit.test_codeglass" name="test_walkthrough_requires_citations_and_complete_sections" time="0.098" /><testcase classname="tests.unit.test_codeglass" name="test_teachback_measures_delayed_retention_and_updates_learning_log" time="0.094" /><testcase classname="tests.unit.test_codeglass" name="test_backend_exact_retry_does_not_duplicate_walkthrough" time="0.104" /><testcase classname="tests.unit.test_codeglass" name="test_backend_teachback_and_retention_surface" time="0.104" /><testcase classname="tests.unit.test_temporal" name="test_walk_supersedes_from_leaf_returns_root_to_leaf" time="0.111" /><testcase classname="tests.unit.test_temporal" name="test_walk_supersedes_from_middle_returns_full_chain" time="0.106" /><testcase classname="tests.unit.test_temporal" name="test_walk_supersedes_from_root_returns_full_chain" time="0.129" /><testcase classname="tests.unit.test_temporal" name="test_walk_supersedes_singleton" time="0.088" /><testcase classname="tests.unit.test_temporal" name="test_walk_supersedes_missing_raises" time="0.067" /><testcase classname="tests.unit.test_temporal" name="test_as_of_returns_leaf_at_that_time" time="0.181" /><testcase classname="tests.unit.test_temporal" name="test_as_of_before_root_returns_root" time="0.243" /><testcase classname="tests.unit.test_temporal" name="test_walk_supersedes_dangling_pointer_returns_current" time="0.088" /><testcase classname="tests.unit.test_learning" name="test_record_and_list_discovery_with_evidence" time="0.332" /><testcase classname="tests.unit.test_learning" name="test_transition_is_append_only_and_listing_returns_chain_leaf" time="0.206" /><testcase classname="tests.unit.test_learning" name="test_learning_log_filters_states_and_can_hide_candidates" time="0.189" /><testcase classname="tests.unit.test_learning" name="test_general_novelty_promotion_requires_external_research_note" time="0.171" /><testcase classname="tests.unit.test_learning" name="test_discovery_rejects_missing_or_empty_evidence" time="0.123" /><testcase classname="tests.unit.test_learning" name="test_transition_rejects_non_discovery_drawer" time="0.031" /><testcase classname="tests.unit.test_learning" name="test_multi_episode_reflection_proposes_calibrated_candidate_once" time="0.056" /><testcase classname="tests.unit.test_learning" name="test_multi_episode_reflection_ignores_unbound_outcome_shaped_drawers" time="0.035" /><testcase classname="tests.unit.test_learning" name="test_multi_episode_reflection_keeps_rooms_separate" time="0.065" /><testcase classname="tests.unit.test_learning" name="test_multi_episode_reflection_counts_each_prediction_once" time="0.037" /><testcase classname="tests.unit.test_mcp_server" name="test_session_start_tool_spec_does_not_advertise_query" time="0.001" /><testcase classname="tests.unit.test_mcp_server" name="test_get_tool_spec_exposes_exact_drawer_fetch" time="0.001" /><testcase classname="tests.unit.test_mcp_server" name="test_discovery_tools_are_exposed_with_evidence_requirement" time="0.001" /><testcase classname="tests.unit.test_mcp_server" name="test_hotfix_tool_spec_exposes_discriminated_action_payloads" time="0.001" /><testcase classname="tests.unit.test_mcp_server" name="test_hotfix_tool_dispatch_returns_structured_receipt" time="0.121" /><testcase classname="tests.unit.test_mcp_server" name="test_get_tool_returns_complete_drawer" time="0.072" /><testcase classname="tests.unit.test_mcp_server" name="test_remember_invalid_wing_returns_clean_error" time="0.041" /><testcase classname="tests.unit.test_mcp_server" name="test_remember_empty_content_returns_clean_error" time="0.040" /><testcase classname="tests.unit.test_mcp_server" name="test_recall_empty_query_returns_clean_error" time="0.031" /><testcase classname="tests.unit.test_mcp_server" name="test_invalid_layer_caught_by_mcp_schema" time="0.063" /><testcase classname="tests.unit.test_mcp_server" name="test_remember_succeeds_returns_confirmation" time="0.043" /><testcase classname="tests.unit.test_mcp_server" name="test_format_validation_error_picks_first_error" time="0.002" /><testcase classname="tests.unit.test_mcp_server" name="test_server_handshake_reports_cairntir_version" time="0.025" /><testcase classname="tests.integration.test_mcp_backend" name="test_remember_then_recall_roundtrip" time="0.046" /><testcase classname="tests.integration.test_mcp_backend" name="test_recall_for_change_surfaces_anchored_drawer" time="0.039" /><testcase classname="tests.integration.test_mcp_backend" name="test_recall_for_change_reports_no_match_without_failing" time="0.032" /><testcase classname="tests.integration.test_mcp_backend" name="test_recall_for_change_warns_about_malformed_anchors" time="0.040" /><testcase classname="tests.integration.test_mcp_backend" name="test_recall_for_change_still_reads_legacy_list_of_strings_as_malformed" time="0.033" /><testcase classname="tests.integration.test_mcp_backend" name="test_remember_rejects_list_of_strings_anchors" time="0.024" /><testcase classname="tests.integration.test_mcp_backend" name="test_remember_rejects_anchor_without_a_path" time="0.024" /><testcase classname="tests.integration.test_mcp_backend" name="test_remember_rejects_anchors_that_are_not_a_list" time="0.025" /><testcase classname="tests.integration.test_mcp_backend" name="test_remember_rejects_before_writing_anything" time="0.026" /><testcase classname="tests.integration.test_mcp_backend" name="test_remember_accepts_valid_anchors_whatever_the_separator" time="0.033" /><testcase classname="tests.integration.test_mcp_backend" name="test_remember_without_anchors_is_unaffected" time="0.033" /><testcase classname="tests.integration.test_mcp_backend" name="test_recall_for_change_rejects_empty_file_list[files0]" time="0.025" /><testcase classname="tests.integration.test_mcp_backend" name="test_recall_for_change_rejects_empty_file_list[files1]" time="0.024" /><testcase classname="tests.integration.test_mcp_backend" name="test_recall_for_change_rejects_empty_file_list[files2]" time="0.024" /><testcase classname="tests.integration.test_mcp_backend" name="test_recall_receipt_links_to_complete_verbatim_get" time="0.033" /><testcase classname="tests.integration.test_mcp_backend" name="test_get_missing_drawer_errors" time="0.024" /><testcase classname="tests.integration.test_mcp_backend" name="test_recall_empty_query_errors" time="0.023" /><testcase classname="tests.integration.test_mcp_backend" name="test_recall_full_content_default_is_byte_identical" time="0.033" /><testcase classname="tests.integration.test_mcp_backend" name="test_recall_full_content_returns_whole_drawers" time="0.031" /><testcase classname="tests.integration.test_mcp_backend" name="test_recall_full_content_only_applies_to_the_top_n" time="0.033" /><testcase classname="tests.integration.test_mcp_backend" name="test_recall_full_content_names_oversize_hits" time="1.775" /><testcase classname="tests.integration.test_mcp_backend" name="test_recall_rejects_negative_full_content" time="0.021" /><testcase classname="tests.integration.test_mcp_backend" name="test_recall_full_content_budget_is_cumulative" time="0.037" /><testcase classname="tests.integration.test_mcp_backend" name="test_recall_full_content_reports_what_it_spent" time="0.025" /><testcase classname="tests.integration.test_mcp_backend" name="test_recall_budget_exhaustion_is_not_reported_as_oversize" time="0.036" /><testcase classname="tests.integration.test_mcp_backend" name="test_recall_rejects_non_positive_budget" time="0.022" /><testcase classname="tests.integration.test_mcp_backend" name="test_recall_budget_is_inert_without_full_content" time="0.035" /><testcase classname="tests.integration.test_mcp_backend" name="test_remember_rejects_bad_layer" time="0.023" /><testcase classname="tests.integration.test_mcp_backend" name="test_session_start_renders_layers" time="0.028" /><testcase classname="tests.integration.test_mcp_backend" name="test_session_start_with_query_pulls_on_demand" time="0.028" /><testcase classname="tests.integration.test_mcp_backend" name="test_discovery_ledger_surfaces_active_learning_at_session_start" time="0.030" /><testcase classname="tests.integration.test_mcp_backend" name="test_discovery_transition_keeps_only_current_leaf" time="0.037" /><testcase classname="tests.integration.test_mcp_backend" name="test_discover_rejects_invalid_novelty" time="0.021" /><testcase classname="tests.integration.test_mcp_backend" name="test_timeline_filters_by_entity" time="0.031" /><testcase classname="tests.integration.test_mcp_backend" name="test_timeline_empty_entity_errors" time="0.023" /><testcase classname="tests.integration.test_mcp_backend" name="test_audit_emits_quality_skill_with_essentials" time="0.028" /><testcase classname="tests.integration.test_mcp_backend" name="test_audit_reports_empty_essential_layer" time="0.021" /><testcase classname="tests.integration.test_mcp_backend" name="test_crucible_emits_skill_with_claim" time="0.023" /><testcase classname="tests.integration.test_mcp_backend" name="test_crucible_rejects_empty" time="0.027" /><testcase classname="tests.integration.test_mcp_backend" name="test_cross_recall_searches_every_wing" time="0.035" /><testcase classname="tests.integration.test_mcp_backend" name="test_cross_recall_finds_answer_in_another_wing" time="0.028" /><testcase classname="tests.integration.test_mcp_backend" name="test_cross_recall_empty_query_errors" time="0.023" /><testcase classname="tests.integration.test_mcp_backend" name="test_cross_recall_no_hits_is_friendly" time="0.023" /><testcase classname="tests.integration.test_mcp_backend" name="test_remember_records_the_authoring_model" time="0.026" /><testcase classname="tests.integration.test_mcp_backend" name="test_remember_without_a_model_stays_honestly_unknown" time="0.029" /><testcase classname="tests.integration.test_mcp_backend" name="test_two_models_in_one_session_are_recorded_separately" time="0.028" /><testcase classname="tests.integration.test_mcp_backend" name="test_session_start_without_a_budget_returns_everything" time="0.038" /><testcase classname="tests.integration.test_mcp_backend" name="test_session_start_honours_the_budget" time="0.036" /><testcase classname="tests.integration.test_mcp_backend" name="test_session_start_names_what_it_omitted" time="0.037" /><testcase classname="tests.integration.test_mcp_backend" name="test_session_start_rejects_a_nonsense_budget" time="0.023" /><testcase classname="tests.integration.test_mcp_backend" name="test_remember_accepts_anchors_as_a_first_class_argument" time="0.026" /><testcase classname="tests.integration.test_mcp_backend" name="test_remember_rejects_anchors_given_two_ways" time="0.024" /><testcase classname="tests.integration.test_mcp_backend" name="test_remember_validates_first_class_anchors_too" time="0.023" /><testcase classname="tests.integration.test_mcp_backend" name="test_remember_nudges_when_a_drawer_names_files_but_has_no_anchors" time="0.026" /><testcase classname="tests.integration.test_mcp_backend" name="test_remember_does_not_nudge_when_anchors_are_present" time="0.060" /><testcase classname="tests.integration.test_mcp_backend" name="test_remember_does_not_nudge_a_drawer_about_no_file" time="0.028" /><testcase classname="tests.integration.test_mcp_backend" name="test_remember_nudges_when_a_claim_has_no_prediction" time="0.027" /><testcase classname="tests.integration.test_mcp_backend" name="test_remember_does_not_nudge_when_the_prediction_is_present" time="0.028" /><testcase classname="tests.integration.test_mcp_backend" name="test_remember_does_not_nudge_a_claimless_drawer_about_predictions" time="0.027" /><testcase classname="tests.integration.test_mcp_backend" name="test_remember_writes_a_falsifiable_prediction" time="0.026" /><testcase classname="tests.integration.test_mcp_backend" name="test_remember_rejects_an_empty_prediction" time="0.022" /><testcase classname="tests.integration.test_mcp_backend" name="test_session_start_on_an_unknown_wing_says_so_and_names_the_real_ones" time="0.026" /><testcase classname="tests.integration.test_mcp_backend" name="test_session_start_on_a_real_wing_is_unchanged" time="0.024" /><testcase classname="tests.integration.test_mcp_backend" name="test_session_start_on_a_genuinely_empty_store_still_alarms" time="0.021" /><testcase classname="tests.integration.test_mcp_backend" name="test_unknown_wing_total_is_not_capped_by_a_scan_limit" time="0.070" /><testcase classname="tests.integration.test_mcp_backend" name="test_settle_appends_and_leaves_the_original_untouched" time="0.027" /><testcase classname="tests.integration.test_mcp_backend" name="test_settle_writes_delta" time="0.029" /><testcase classname="tests.integration.test_mcp_backend" name="test_a_correct_prediction_with_a_surprising_path_is_not_a_miss" time="0.032" /><testcase classname="tests.integration.test_mcp_backend" name="test_a_delta_without_a_verdict_is_not_scored_rather_than_guessed" time="0.030" /><testcase classname="tests.integration.test_mcp_backend" name="test_settling_with_no_delta_still_means_it_held" time="0.028" /><testcase classname="tests.integration.test_mcp_backend" name="test_settle_carries_the_predictions_anchors_forward" time="0.030" /><testcase classname="tests.integration.test_mcp_backend" name="test_settle_rejects_a_drawer_carrying_no_prediction" time="0.089" /><testcase classname="tests.integration.test_mcp_backend" name="test_settle_rejects_a_missing_drawer" time="0.020" /><testcase classname="tests.integration.test_mcp_backend" name="test_settle_rejects_an_empty_observation" time="0.026" /><testcase classname="tests.integration.test_mcp_backend" name="test_blank_model_does_not_overwrite_the_receipt" time="0.026" /><testcase classname="tests.unit.test_portable" name="test_encode_decode_round_trip_preserves_drawer" time="0.001" /><testcase classname="tests.unit.test_portable" name="test_content_hash_is_deterministic_across_encodes" time="0.001" /><testcase classname="tests.unit.test_portable" name="test_content_hash_changes_when_content_changes" time="0.001" /><testcase classname="tests.unit.test_portable" name="test_tampered_envelope_fails_hash_verification" time="0.001" /><testcase classname="tests.unit.test_portable" name="test_signed_envelope_verifies_with_matching_key" time="0.001" /><testcase classname="tests.unit.test_portable" name="test_signed_envelope_rejects_wrong_key" time="0.001" /><testcase classname="tests.unit.test_portable" name="test_verification_requested_on_unsigned_envelope_fails" time="0.001" /><testcase classname="tests.unit.test_portable" name="test_unsupported_format_version_is_rejected" time="0.001" /><testcase classname="tests.unit.test_portable" name="test_boolean_format_version_is_not_version_one" time="0.001" /><testcase classname="tests.unit.test_portable" name="test_non_ascii_signature_is_a_typed_error" time="0.001" /><testcase classname="tests.unit.test_portable" name="test_nested_hotfix_evidence_cannot_bind_to_destination_ids" time="0.001" /><testcase classname="tests.unit.test_portable" name="test_escaped_surrogate_is_a_typed_portable_error" time="0.001" /><testcase classname="tests.unit.test_portable" name="test_missing_drawer_payload_is_rejected" time="0.001" /><testcase classname="tests.unit.test_portable" name="test_external_urls_are_rejected_at_export[see http://example.com for details]" time="0.001" /><testcase classname="tests.unit.test_portable" name="test_external_urls_are_rejected_at_export[HTTPS://foo.bar/baz]" time="0.001" /><testcase classname="tests.unit.test_portable" name="test_external_urls_are_rejected_at_export[ftp://old-server/file.zip]" time="0.001" /><testcase classname="tests.unit.test_portable" name="test_external_urls_are_rejected_at_export[file:///etc/passwd]" time="0.001" /><testcase classname="tests.unit.test_portable" name="test_external_urls_are_rejected_at_export[ssh://user@host]" time="0.001" /><testcase classname="tests.unit.test_portable" name="test_cairntir_scheme_is_allowed" time="0.001" /><testcase classname="tests.unit.test_portable" name="test_external_url_in_metadata_is_rejected" time="0.001" /><testcase classname="tests.unit.test_portable" name="test_encode_fails_closed_on_external_url" time="0.001" /><testcase classname="tests.unit.test_portable" name="test_write_and_read_jsonl_round_trips" time="0.011" /><testcase classname="tests.unit.test_portable" name="test_export_import_across_stores_preserves_drawers" time="0.067" /><testcase classname="tests.unit.test_portable" name="test_read_jsonl_rejects_non_object_line" time="0.010" /><testcase classname="tests.unit.test_portable" name="test_read_jsonl_rejects_invalid_json" time="0.009" /></testsuite></testsuites>